SCUBA, Version Diamond (64-bit) 3.14.0.75.2
Thu Mar 05 08:49:31 2026
  
Copyright (c) 1991-1994 by NeoCAD Inc. All rights reserved.
Copyright (c) 1995 AT&T Corp.   All rights reserved.
Copyright (c) 1995-2001 Lucent Technologies Inc.  All rights reserved.
Copyright (c) 2001 Agere Systems   All rights reserved.
Copyright (c) 2002-2024 Lattice Semiconductor Corporation,  All rights reserved.
  
BEGIN SCUBA Module Synthesis
  
    Issued command   : C:\lscc\diamond\3.14\ispfpga\bin\nt64\scuba.exe -w -n UART_FIFO -lang vhdl -synth lse -bus_exp 7 -bb -arch se5c00 -type ebfifo -depth 256 -width 8 -rwidth 8 -no_enable -pe 10 -pf 120 -sync_reset 
    Circuit name     : UART_FIFO
    Module type      : ebfifo
    Module Version   : 5.8
    Ports            : 
    Inputs       : Data[7:0], WrClock, RdClock, WrEn, RdEn, Reset, RPReset
    Outputs      : Q[7:0], Empty, Full, AlmostEmpty, AlmostFull
    I/O buffer       : not inserted
    EDIF output      : UART_FIFO.edn
    VHDL output      : UART_FIFO.vhd
    VHDL template    : UART_FIFO_tmpl.vhd
    VHDL testbench   : tb_UART_FIFO_tmpl.vhd
    VHDL purpose     : for synthesis and simulation
    Bus notation     : big endian
    Report output    : UART_FIFO.srp
    Estimated Resource Usage:
            EBR : 1
  
END   SCUBA Module Synthesis

