--------------------------------------------------------------------------------
Lattice Synthesis Timing Report, Version  
Sun Apr 19 15:05:38 2026

Copyright (c) 1991-1994 by NeoCAD Inc. All rights reserved.
Copyright (c) 1995 AT&T Corp.   All rights reserved.
Copyright (c) 1995-2001 Lucent Technologies Inc.  All rights reserved.
Copyright (c) 2001 Agere Systems   All rights reserved.
Copyright (c) 2002-2024 Lattice Semiconductor Corporation,  All rights reserved.

Report Information
------------------
Design:     uart_spram_top
Constraint file:  
Report level:    verbose report, limited to 3 items per constraint
--------------------------------------------------------------------------------



================================================================================
Constraint: create_clock -period 5.000000 -name clk0 [get_nets clk_sys]
            4096 items scored, 4096 timing errors detected.
--------------------------------------------------------------------------------


Error:  The following path violates requirements by 13.432ns

 Logical Details:  Cell type  Pin type       Cell name  (clock net +/-)

   Source:         FD1P3IX    CK             \u_uart_ctrl/rx_buf[1]__i2  (from clk_sys +)
   Destination:    FD1P3IX    SP             \u_uart_ctrl/err_rsp_pending_1596  (to clk_sys +)

   Delay:                  18.173ns  (37.1% logic, 62.9% route), 16 logic levels.

 Constraint Details:

     18.173ns data_path \u_uart_ctrl/rx_buf[1]__i2 to \u_uart_ctrl/err_rsp_pending_1596 violates
      5.000ns delay constraint less
      0.259ns LCE_S requirement (totaling 4.741ns) by 13.432ns

 Path Details: \u_uart_ctrl/rx_buf[1]__i2 to \u_uart_ctrl/err_rsp_pending_1596

   Name    Fanout   Delay (ns)          Pins               Resource(Cell.Net)
L_CO        ---     0.403             CK to Q              \u_uart_ctrl/rx_buf[1]__i2 (from clk_sys)
Route         9   e 1.363                                  \u_uart_ctrl/rx_buf[1][1]
LUT4        ---     0.448              B to Z              \u_uart_ctrl/i2_3_lut_rep_846
Route         3   e 1.051                                  \u_uart_ctrl/n29755
LUT4        ---     0.448              B to Z              \u_uart_ctrl/i7288_2_lut_3_lut_4_lut
Route         1   e 0.788                                  \u_uart_ctrl/req_valid_N_5173[7]
A1_TO_FCO   ---     0.752           C[2] to COUT           \u_uart_ctrl/req_valid_I_20_0
Route         1   e 0.020                                  \u_uart_ctrl/n24807
FCI_TO_FCO  ---     0.143            CIN to COUT           \u_uart_ctrl/req_valid_I_20_9
Route         1   e 0.020                                  \u_uart_ctrl/n24808
FCI_TO_F    ---     0.544            CIN to S[2]           \u_uart_ctrl/req_valid_I_20_10
Route         1   e 0.788                                  \u_uart_ctrl/req_valid_N_5171
LUT4        ---     0.448              D to Z              \u_uart_ctrl/i1_2_lut_rep_708_4_lut
Route         2   e 0.954                                  \u_uart_ctrl/n29617
LUT4        ---     0.448              C to Z              \u_uart_ctrl/i1_4_lut_adj_102
Route         1   e 0.020                                  \u_uart_ctrl/n3
MUXL5       ---     0.212           BLUT to Z              \u_uart_ctrl/i11
Route         1   e 0.788                                  \u_uart_ctrl/n25411
LUT4        ---     0.448              C to Z              \u_uart_ctrl/i1_2_lut_3_lut_adj_146
Route         1   e 0.788                                  \u_uart_ctrl/n5
LUT4        ---     0.448              B to Z              \u_uart_ctrl/i1_4_lut_adj_96
Route        14   e 1.509                                  \u_uart_ctrl/n66
LUT4        ---     0.448              B to Z              \u_uart_ctrl/i2_2_lut_adj_120
Route         1   e 0.788                                  \u_uart_ctrl/n10_adj_5784
LUT4        ---     0.448              C to Z              \u_uart_ctrl/i7_4_lut_adj_103
Route         1   e 0.020                                  \u_uart_ctrl/n25091
MUXL5       ---     0.212           BLUT to Z              \u_uart_ctrl/i8503
Route         1   e 0.788                                  \u_uart_ctrl/n17705
LUT4        ---     0.448              A to Z              \u_uart_ctrl/i8504_3_lut
Route         2   e 0.954                                  \u_uart_ctrl/err_rsp_pending_N_5201
LUT4        ---     0.448              A to Z              \u_uart_ctrl/i2_3_lut_adj_134
Route         1   e 0.788                                  \u_uart_ctrl/clk_sys_enable_1866
                  --------
                   18.173  (37.1% logic, 62.9% route), 16 logic levels.


Error:  The following path violates requirements by 13.404ns

 Logical Details:  Cell type  Pin type       Cell name  (clock net +/-)

   Source:         FD1P3IX    CK             \u_uart_ctrl/rx_buf[1]__i3  (from clk_sys +)
   Destination:    FD1P3IX    SP             \u_uart_ctrl/err_rsp_pending_1596  (to clk_sys +)

   Delay:                  18.145ns  (37.2% logic, 62.8% route), 16 logic levels.

 Constraint Details:

     18.145ns data_path \u_uart_ctrl/rx_buf[1]__i3 to \u_uart_ctrl/err_rsp_pending_1596 violates
      5.000ns delay constraint less
      0.259ns LCE_S requirement (totaling 4.741ns) by 13.404ns

 Path Details: \u_uart_ctrl/rx_buf[1]__i3 to \u_uart_ctrl/err_rsp_pending_1596

   Name    Fanout   Delay (ns)          Pins               Resource(Cell.Net)
L_CO        ---     0.403             CK to Q              \u_uart_ctrl/rx_buf[1]__i3 (from clk_sys)
Route         8   e 1.335                                  \u_uart_ctrl/rx_buf[1][2]
LUT4        ---     0.448              C to Z              \u_uart_ctrl/i2_3_lut_rep_846
Route         3   e 1.051                                  \u_uart_ctrl/n29755
LUT4        ---     0.448              B to Z              \u_uart_ctrl/i7288_2_lut_3_lut_4_lut
Route         1   e 0.788                                  \u_uart_ctrl/req_valid_N_5173[7]
A1_TO_FCO   ---     0.752           C[2] to COUT           \u_uart_ctrl/req_valid_I_20_0
Route         1   e 0.020                                  \u_uart_ctrl/n24807
FCI_TO_FCO  ---     0.143            CIN to COUT           \u_uart_ctrl/req_valid_I_20_9
Route         1   e 0.020                                  \u_uart_ctrl/n24808
FCI_TO_F    ---     0.544            CIN to S[2]           \u_uart_ctrl/req_valid_I_20_10
Route         1   e 0.788                                  \u_uart_ctrl/req_valid_N_5171
LUT4        ---     0.448              D to Z              \u_uart_ctrl/i1_2_lut_rep_708_4_lut
Route         2   e 0.954                                  \u_uart_ctrl/n29617
LUT4        ---     0.448              C to Z              \u_uart_ctrl/i1_4_lut_adj_102
Route         1   e 0.020                                  \u_uart_ctrl/n3
MUXL5       ---     0.212           BLUT to Z              \u_uart_ctrl/i11
Route         1   e 0.788                                  \u_uart_ctrl/n25411
LUT4        ---     0.448              C to Z              \u_uart_ctrl/i1_2_lut_3_lut_adj_146
Route         1   e 0.788                                  \u_uart_ctrl/n5
LUT4        ---     0.448              B to Z              \u_uart_ctrl/i1_4_lut_adj_96
Route        14   e 1.509                                  \u_uart_ctrl/n66
LUT4        ---     0.448              B to Z              \u_uart_ctrl/i2_2_lut_adj_120
Route         1   e 0.788                                  \u_uart_ctrl/n10_adj_5784
LUT4        ---     0.448              C to Z              \u_uart_ctrl/i7_4_lut_adj_103
Route         1   e 0.020                                  \u_uart_ctrl/n25091
MUXL5       ---     0.212           BLUT to Z              \u_uart_ctrl/i8503
Route         1   e 0.788                                  \u_uart_ctrl/n17705
LUT4        ---     0.448              A to Z              \u_uart_ctrl/i8504_3_lut
Route         2   e 0.954                                  \u_uart_ctrl/err_rsp_pending_N_5201
LUT4        ---     0.448              A to Z              \u_uart_ctrl/i2_3_lut_adj_134
Route         1   e 0.788                                  \u_uart_ctrl/clk_sys_enable_1866
                  --------
                   18.145  (37.2% logic, 62.8% route), 16 logic levels.


Error:  The following path violates requirements by 13.372ns

 Logical Details:  Cell type  Pin type       Cell name  (clock net +/-)

   Source:         FD1P3IX    CK             \u_uart_ctrl/rx_buf[1]__i4  (from clk_sys +)
   Destination:    FD1P3IX    SP             \u_uart_ctrl/err_rsp_pending_1596  (to clk_sys +)

   Delay:                  18.113ns  (37.2% logic, 62.8% route), 16 logic levels.

 Constraint Details:

     18.113ns data_path \u_uart_ctrl/rx_buf[1]__i4 to \u_uart_ctrl/err_rsp_pending_1596 violates
      5.000ns delay constraint less
      0.259ns LCE_S requirement (totaling 4.741ns) by 13.372ns

 Path Details: \u_uart_ctrl/rx_buf[1]__i4 to \u_uart_ctrl/err_rsp_pending_1596

   Name    Fanout   Delay (ns)          Pins               Resource(Cell.Net)
L_CO        ---     0.403             CK to Q              \u_uart_ctrl/rx_buf[1]__i4 (from clk_sys)
Route         7   e 1.303                                  \u_uart_ctrl/rx_buf[1][3]
LUT4        ---     0.448              A to Z              \u_uart_ctrl/i2_3_lut_rep_846
Route         3   e 1.051                                  \u_uart_ctrl/n29755
LUT4        ---     0.448              B to Z              \u_uart_ctrl/i7288_2_lut_3_lut_4_lut
Route         1   e 0.788                                  \u_uart_ctrl/req_valid_N_5173[7]
A1_TO_FCO   ---     0.752           C[2] to COUT           \u_uart_ctrl/req_valid_I_20_0
Route         1   e 0.020                                  \u_uart_ctrl/n24807
FCI_TO_FCO  ---     0.143            CIN to COUT           \u_uart_ctrl/req_valid_I_20_9
Route         1   e 0.020                                  \u_uart_ctrl/n24808
FCI_TO_F    ---     0.544            CIN to S[2]           \u_uart_ctrl/req_valid_I_20_10
Route         1   e 0.788                                  \u_uart_ctrl/req_valid_N_5171
LUT4        ---     0.448              D to Z              \u_uart_ctrl/i1_2_lut_rep_708_4_lut
Route         2   e 0.954                                  \u_uart_ctrl/n29617
LUT4        ---     0.448              C to Z              \u_uart_ctrl/i1_4_lut_adj_102
Route         1   e 0.020                                  \u_uart_ctrl/n3
MUXL5       ---     0.212           BLUT to Z              \u_uart_ctrl/i11
Route         1   e 0.788                                  \u_uart_ctrl/n25411
LUT4        ---     0.448              C to Z              \u_uart_ctrl/i1_2_lut_3_lut_adj_146
Route         1   e 0.788                                  \u_uart_ctrl/n5
LUT4        ---     0.448              B to Z              \u_uart_ctrl/i1_4_lut_adj_96
Route        14   e 1.509                                  \u_uart_ctrl/n66
LUT4        ---     0.448              B to Z              \u_uart_ctrl/i2_2_lut_adj_120
Route         1   e 0.788                                  \u_uart_ctrl/n10_adj_5784
LUT4        ---     0.448              C to Z              \u_uart_ctrl/i7_4_lut_adj_103
Route         1   e 0.020                                  \u_uart_ctrl/n25091
MUXL5       ---     0.212           BLUT to Z              \u_uart_ctrl/i8503
Route         1   e 0.788                                  \u_uart_ctrl/n17705
LUT4        ---     0.448              A to Z              \u_uart_ctrl/i8504_3_lut
Route         2   e 0.954                                  \u_uart_ctrl/err_rsp_pending_N_5201
LUT4        ---     0.448              A to Z              \u_uart_ctrl/i2_3_lut_adj_134
Route         1   e 0.788                                  \u_uart_ctrl/clk_sys_enable_1866
                  --------
                   18.113  (37.2% logic, 62.8% route), 16 logic levels.

Warning: 18.432 ns is the maximum delay for this constraint.


Timing Report Summary
--------------
--------------------------------------------------------------------------------
Constraint                              |   Constraint|       Actual|Levels
--------------------------------------------------------------------------------
                                        |             |             |
create_clock -period 5.000000 -name     |             |             |
clk0 [get_nets clk_sys]                 |     5.000 ns|    18.432 ns|    16 *
                                        |             |             |
--------------------------------------------------------------------------------


1 constraints not met.

--------------------------------------------------------------------------------
Critical Nets                           |   Loads|  Errors| % of total
--------------------------------------------------------------------------------
\u_uart_ctrl/n5                         |       1|    4096|     99.00%
                                        |        |        |
\u_uart_ctrl/n66                        |      14|    4096|     99.00%
                                        |        |        |
\u_uart_ctrl/n25411                     |       1|    4096|     99.00%
                                        |        |        |
\u_uart_ctrl/n29617                     |       2|    4091|     99.88%
                                        |        |        |
\u_uart_ctrl/req_valid_N_5171           |       1|    4085|     99.73%
                                        |        |        |
\u_uart_ctrl/n24808                     |       1|    4083|     99.68%
                                        |        |        |
\u_uart_ctrl/n3                         |       1|    4044|     98.73%
                                        |        |        |
\u_uart_ctrl/n24807                     |       1|    4034|     98.49%
                                        |        |        |
\u_uart_ctrl/n29694                     |       2|    2371|     57.89%
                                        |        |        |
\u_uart_ctrl/rx_buf[1][1]               |       9|    1650|     40.28%
                                        |        |        |
\u_uart_ctrl/n29755                     |       3|    1647|     40.21%
                                        |        |        |
\u_uart_ctrl/req_valid_N_5173[7]        |       1|    1644|     40.14%
                                        |        |        |
\u_uart_ctrl/req_valid_N_5172           |       1|    1566|     38.23%
                                        |        |        |
\u_uart_ctrl/rx_buf[1][2]               |       8|    1076|     26.27%
                                        |        |        |
\u_uart_ctrl/req_valid_N_5173[8]        |       1|     823|     20.09%
                                        |        |        |
\u_uart_ctrl/rx_buf[1][4]               |       8|     765|     18.68%
                                        |        |        |
\u_uart_ctrl/rx_buf[1][3]               |       7|     563|     13.75%
                                        |        |        |
--------------------------------------------------------------------------------


Timing summary:
---------------

Timing errors: 4096  Score: 41904452

Constraints cover  123346 paths, 6769 nets, and 19220 connections (72.6% coverage)


Peak memory: 176148480 bytes, TRCE: 24633344 bytes, DLYMAN: 2129920 bytes
CPU_TIME_REPORT: 0 secs 
